$ tsx server.ts
   Using tsconfig file: ./tsconfig.json
[2025-08-06T16:59:06.513Z] INFO: Socket.IO server initialized | module=socket
[2025-08-06T16:59:06.514Z] INFO: 🔄 Starting task recovery process... | module=server
🔄 Starting task recovery process...
❌ Error during task recovery: PrismaClientValidationError: 
Invalid `prisma.taskExecution.findMany()` invocation in
/Users/progcat/Desktop/CodeHive/lib/tasks/task-recovery.ts:52:54

  49 // without depending on the database projects table
  50 
  51 // Find task executions that are still pending or running
→ 52 const activeTasks = await prisma.taskExecution.findMany({
       where: {
         status: {
           in: [
             "PENDING",
             "RUNNING"
           ]
         }
       },
       select: {
         taskId: true,
         projectId: true,
         taskType: true,
         ~~~~~~~~
         status: true,
         createdAt: true,
     ?   id?: true,
     ?   type?: true,
     ?   progress?: true,
     ?   currentPhase?: true,
     ?   totalPhases?: true,
     ?   projectName?: true,
     ?   initiatedBy?: true,
     ?   startedAt?: true,
     ?   lastUpdatedAt?: true,
     ?   completedAt?: true,
     ?   result?: true,
     ?   error?: true,
     ?   events?: true,
     ?   project?: true,
     ?   phases?: true,
     ?   _count?: true
       }
     })

Unknown field `taskType` for select statement on model `TaskExecution`. Available options are marked with ?.
    at throwValidationException (/Users/progcat/Desktop/CodeHive/node_modules/@prisma/client/src/runtime/core/errorRendering/throwValidationException.ts:45:9)
    at ri.handleRequestError (/Users/progcat/Desktop/CodeHive/node_modules/@prisma/client/src/runtime/RequestHandler.ts:202:7)
    at ri.handleAndLogRequestError (/Users/progcat/Desktop/CodeHive/node_modules/@prisma/client/src/runtime/RequestHandler.ts:174:12)
    at ri.request (/Users/progcat/Desktop/CodeHive/node_modules/@prisma/client/src/runtime/RequestHandler.ts:143:12)
    at async l (/Users/progcat/Desktop/CodeHive/node_modules/@prisma/client/src/runtime/getPrismaClient.ts:862:24)
    at async TaskRecoveryService.recoverInterruptedTasks (/Users/progcat/Desktop/CodeHive/lib/tasks/task-recovery.ts:52:27)
    at async <anonymous> (/Users/progcat/Desktop/CodeHive/server.ts:39:5) {
  clientVersion: '6.13.0'
}
[2025-08-06T16:59:06.528Z] INFO: Task recovery completed | module=server
[2025-08-06T16:59:06.529Z] INFO: > Ready on http://localhost:3000 | module=server
[2025-08-06T16:59:06.529Z] INFO: > Socket.IO server initialized | module=server
[2025-08-06T16:59:06.529Z] INFO: > Task recovery system active | module=server
error: script "dev" exited with code 137
